<?xml version="1.0" encoding="UTF-8"?>
<!-- Generated by org.testng.reporters.JUnitReportReporter -->
<testsuite hostname="EPINPUNW0410" failures="0" tests="1" name="Tests.GoogleTests" time="0.988" errors="0" timestamp="2022-03-29T19:27:54 IST" skipped="0">
  <testcase classname="Tests.GoogleTests" name="googleSearch" time="0.988"/>
  <system-out/>
</testsuite> <!-- Tests.GoogleTests -->
